[debug] [2021-05-29T09:53:25.942Z] ----------------------------------------------------------------------
[debug] [2021-05-29T09:53:25.944Z] Command:       C:\Program Files\nodejs\node.exe C:\Users\USER\AppData\Roaming\npm\node_modules\firebase-tools\lib\bin\firebase.js init
[debug] [2021-05-29T09:53:25.944Z] CLI Version:   9.12.0
[debug] [2021-05-29T09:53:25.944Z] Platform:      win32
[debug] [2021-05-29T09:53:25.944Z] Node Version:  v14.15.5
[debug] [2021-05-29T09:53:25.945Z] Time:          Sat May 29 2021 15:53:25 GMT+0600 (Bangladesh Standard Time)
[debug] [2021-05-29T09:53:25.946Z] ----------------------------------------------------------------------
[debug] 
[debug] [2021-05-29T09:53:25.948Z] >>> [apiv2][query] GET https://firebase-public.firebaseio.com/cli.json [none]
[debug] [2021-05-29T09:53:25.981Z] > command requires scopes: ["email","openid","https://www.googleapis.com/auth/cloudplatformprojects.readonly","https://www.googleapis.com/auth/firebase","https://www.googleapis.com/auth/cloud-platform"]
[debug] [2021-05-29T09:53:25.981Z] > authorizing via signed-in user (sbappyi200@gmail.com)
[info] 
     ######## #### ########  ######## ########     ###     ######  ########
     ##        ##  ##     ## ##       ##     ##  ##   ##  ##       ##
     ######    ##  ########  ######   ########  #########  ######  ######
     ##        ##  ##    ##  ##       ##     ## ##     ##       ## ##
     ##       #### ##     ## ######## ########  ##     ##  ######  ########

You're about to initialize a Firebase project in this directory:

  D:\Web Development 2021\Group Progect\job-hunter

[debug] [2021-05-29T09:53:27.303Z] <<< [apiv2][status] GET https://firebase-public.firebaseio.com/cli.json 200
[debug] [2021-05-29T09:53:27.303Z] <<< [apiv2][body] GET https://firebase-public.firebaseio.com/cli.json {"cloudBuildErrorAfter":1594252800000,"cloudBuildWarnAfter":1590019200000,"defaultNode10After":1594252800000,"minVersion":"3.0.5","node8DeploysDisabledAfter":1613390400000,"node8RuntimeDisabledAfter":1615809600000,"node8WarnAfter":1600128000000}
